<?xml version="1.0" encoding="UTF-8"?>
<testsuite name="ru.netology.MobileBankApiTestV1" tests="1" skipped="0" failures="0" errors="0" timestamp="2023-04-09T12:20:23" hostname="LAPTOP-5OBOKIKB" time="3.353">
  <properties/>
  <testcase name="shouldReturnDemoAccounts()" classname="ru.netology.MobileBankApiTestV1" time="3.353"/>
  <system-out><![CDATA[]]></system-out>
  <system-err><![CDATA[]]></system-err>
</testsuite>
